<?xml version="1.0" encoding="UTF-8"?>
<coverage generated="1603365821414" clover="3.2.0">
  <project timestamp="1603365821414" name="All files">
    <metrics statements="87" coveredstatements="87" conditionals="11" coveredconditionals="9" methods="29" coveredmethods="29" elements="127" coveredelements="125" complexity="0" loc="87" ncloc="87" packages="5" files="18" classes="18"/>
    <package name="internal.actions">
      <metrics statements="21" coveredstatements="21" conditionals="0" coveredconditionals="0" methods="7" coveredmethods="7"/>
      <file name="DAOAction.ts" path="/Users/work/Development/aragon/govern/packages/govern/internal/actions/DAOAction.ts">
        <metrics statements="3" coveredstatements="3" conditionals="0" coveredconditionals="0" methods="1" coveredmethods="1"/>
        <line num="1" count="1" type="stmt"/>
        <line num="3" count="1" type="stmt"/>
        <line num="5" count="1" type="stmt"/>
      </file>
      <file name="DAOSAction.ts" path="/Users/work/Development/aragon/govern/packages/govern/internal/actions/DAOSAction.ts">
        <metrics statements="3" coveredstatements="3" conditionals="0" coveredconditionals="0" methods="1" coveredmethods="1"/>
        <line num="1" count="1" type="stmt"/>
        <line num="3" count="1" type="stmt"/>
        <line num="5" count="1" type="stmt"/>
      </file>
      <file name="GameAction.ts" path="/Users/work/Development/aragon/govern/packages/govern/internal/actions/GameAction.ts">
        <metrics statements="3" coveredstatements="3" conditionals="0" coveredconditionals="0" methods="1" coveredmethods="1"/>
        <line num="1" count="1" type="stmt"/>
        <line num="3" count="1" type="stmt"/>
        <line num="5" count="1" type="stmt"/>
      </file>
      <file name="GamesAction.ts" path="/Users/work/Development/aragon/govern/packages/govern/internal/actions/GamesAction.ts">
        <metrics statements="3" coveredstatements="3" conditionals="0" coveredconditionals="0" methods="1" coveredmethods="1"/>
        <line num="1" count="1" type="stmt"/>
        <line num="3" count="1" type="stmt"/>
        <line num="5" count="1" type="stmt"/>
      </file>
      <file name="QueueAction.ts" path="/Users/work/Development/aragon/govern/packages/govern/internal/actions/QueueAction.ts">
        <metrics statements="3" coveredstatements="3" conditionals="0" coveredconditionals="0" methods="1" coveredmethods="1"/>
        <line num="1" count="1" type="stmt"/>
        <line num="3" count="1" type="stmt"/>
        <line num="5" count="1" type="stmt"/>
      </file>
      <file name="QueuesAction.ts" path="/Users/work/Development/aragon/govern/packages/govern/internal/actions/QueuesAction.ts">
        <metrics statements="3" coveredstatements="3" conditionals="0" coveredconditionals="0" methods="1" coveredmethods="1"/>
        <line num="1" count="1" type="stmt"/>
        <line num="3" count="1" type="stmt"/>
        <line num="5" count="1" type="stmt"/>
      </file>
      <file name="QueuesForDAOAction.ts" path="/Users/work/Development/aragon/govern/packages/govern/internal/actions/QueuesForDAOAction.ts">
        <metrics statements="3" coveredstatements="3" conditionals="0" coveredconditionals="0" methods="1" coveredmethods="1"/>
        <line num="1" count="1" type="stmt"/>
        <line num="3" count="1" type="stmt"/>
        <line num="5" count="1" type="stmt"/>
      </file>
    </package>
    <package name="internal.actions.lib">
      <metrics statements="5" coveredstatements="5" conditionals="0" coveredconditionals="0" methods="3" coveredmethods="3"/>
      <file name="AbstractAction.ts" path="/Users/work/Development/aragon/govern/packages/govern/internal/actions/lib/AbstractAction.ts">
        <metrics statements="5" coveredstatements="5" conditionals="0" coveredconditionals="0" methods="3" coveredmethods="3"/>
        <line num="8" count="8" type="stmt"/>
        <line num="24" count="1" type="stmt"/>
        <line num="37" count="8" type="stmt"/>
        <line num="38" count="1" type="stmt"/>
        <line num="40" count="8" type="stmt"/>
      </file>
    </package>
    <package name="internal.clients">
      <metrics statements="17" coveredstatements="17" conditionals="9" coveredconditionals="7" methods="6" coveredmethods="6"/>
      <file name="GraphQLClient.ts" path="/Users/work/Development/aragon/govern/packages/govern/internal/clients/GraphQLClient.ts">
        <metrics statements="17" coveredstatements="17" conditionals="9" coveredconditionals="7" methods="6" coveredmethods="6"/>
        <line num="1" count="11" type="stmt"/>
        <line num="2" count="11" type="stmt"/>
        <line num="11" count="11" type="stmt"/>
        <line num="26" count="3" type="stmt"/>
        <line num="27" count="3" type="stmt"/>
        <line num="37" count="11" type="stmt"/>
        <line num="38" count="3" type="stmt"/>
        <line num="57" count="11" type="cond" truecount="1" falsecount="1"/>
        <line num="58" count="2" type="cond" truecount="1" falsecount="0"/>
        <line num="60" count="2" type="cond" truecount="2" falsecount="0"/>
        <line num="61" count="1" type="stmt"/>
        <line num="66" count="1" type="stmt"/>
        <line num="80" count="11" type="stmt"/>
        <line num="81" count="1" type="stmt"/>
        <line num="100" count="11" type="stmt"/>
        <line num="101" count="1" type="stmt"/>
        <line num="103" count="11" type="stmt"/>
      </file>
    </package>
    <package name="internal.configuration">
      <metrics statements="12" coveredstatements="12" conditionals="2" coveredconditionals="2" methods="5" coveredmethods="5"/>
      <file name="Configuration.ts" path="/Users/work/Development/aragon/govern/packages/govern/internal/configuration/Configuration.ts">
        <metrics statements="12" coveredstatements="12" conditionals="2" coveredconditionals="2" methods="5" coveredmethods="5"/>
        <line num="2" count="10" type="stmt"/>
        <line num="7" count="10" type="stmt"/>
        <line num="26" count="4" type="stmt"/>
        <line num="40" count="10" type="stmt"/>
        <line num="41" count="4" type="cond" truecount="2" falsecount="0"/>
        <line num="42" count="1" type="stmt"/>
        <line num="45" count="3" type="stmt"/>
        <line num="58" count="10" type="stmt"/>
        <line num="59" count="2" type="stmt"/>
        <line num="69" count="10" type="stmt"/>
        <line num="70" count="2" type="stmt"/>
        <line num="72" count="10" type="stmt"/>
      </file>
    </package>
    <package name="public">
      <metrics statements="32" coveredstatements="32" conditionals="0" coveredconditionals="0" methods="8" coveredmethods="8"/>
      <file name="configuration.ts" path="/Users/work/Development/aragon/govern/packages/govern/public/configuration.ts">
        <metrics statements="4" coveredstatements="4" conditionals="0" coveredconditionals="0" methods="1" coveredmethods="1"/>
        <line num="1" count="8" type="stmt"/>
        <line num="14" count="8" type="stmt"/>
        <line num="15" count="1" type="stmt"/>
        <line num="20" count="8" type="stmt"/>
      </file>
      <file name="dao.ts" path="/Users/work/Development/aragon/govern/packages/govern/public/dao.ts">
        <metrics statements="4" coveredstatements="4" conditionals="0" coveredconditionals="0" methods="1" coveredmethods="1"/>
        <line num="1" count="1" type="stmt"/>
        <line num="2" count="1" type="stmt"/>
        <line num="11" count="1" type="stmt"/>
        <line num="12" count="1" type="stmt"/>
      </file>
      <file name="daos.ts" path="/Users/work/Development/aragon/govern/packages/govern/public/daos.ts">
        <metrics statements="4" coveredstatements="4" conditionals="0" coveredconditionals="0" methods="1" coveredmethods="1"/>
        <line num="1" count="1" type="stmt"/>
        <line num="2" count="1" type="stmt"/>
        <line num="9" count="1" type="stmt"/>
        <line num="10" count="1" type="stmt"/>
      </file>
      <file name="game.ts" path="/Users/work/Development/aragon/govern/packages/govern/public/game.ts">
        <metrics statements="4" coveredstatements="4" conditionals="0" coveredconditionals="0" methods="1" coveredmethods="1"/>
        <line num="1" count="1" type="stmt"/>
        <line num="2" count="1" type="stmt"/>
        <line num="11" count="1" type="stmt"/>
        <line num="12" count="1" type="stmt"/>
      </file>
      <file name="games.ts" path="/Users/work/Development/aragon/govern/packages/govern/public/games.ts">
        <metrics statements="4" coveredstatements="4" conditionals="0" coveredconditionals="0" methods="1" coveredmethods="1"/>
        <line num="1" count="1" type="stmt"/>
        <line num="2" count="1" type="stmt"/>
        <line num="9" count="1" type="stmt"/>
        <line num="10" count="1" type="stmt"/>
      </file>
      <file name="queue.ts" path="/Users/work/Development/aragon/govern/packages/govern/public/queue.ts">
        <metrics statements="4" coveredstatements="4" conditionals="0" coveredconditionals="0" methods="1" coveredmethods="1"/>
        <line num="1" count="1" type="stmt"/>
        <line num="2" count="1" type="stmt"/>
        <line num="11" count="1" type="stmt"/>
        <line num="12" count="1" type="stmt"/>
      </file>
      <file name="queues.ts" path="/Users/work/Development/aragon/govern/packages/govern/public/queues.ts">
        <metrics statements="4" coveredstatements="4" conditionals="0" coveredconditionals="0" methods="1" coveredmethods="1"/>
        <line num="1" count="1" type="stmt"/>
        <line num="2" count="1" type="stmt"/>
        <line num="9" count="1" type="stmt"/>
        <line num="10" count="1" type="stmt"/>
      </file>
      <file name="queuesForDao.ts" path="/Users/work/Development/aragon/govern/packages/govern/public/queuesForDao.ts">
        <metrics statements="4" coveredstatements="4" conditionals="0" coveredconditionals="0" methods="1" coveredmethods="1"/>
        <line num="1" count="1" type="stmt"/>
        <line num="2" count="1" type="stmt"/>
        <line num="11" count="1" type="stmt"/>
        <line num="12" count="1" type="stmt"/>
      </file>
    </package>
  </project>
</coverage>
