{"/Users/work/Development/aragon/govern/packages/govern/internal/actions/DAOAction.ts": {"path":"/Users/work/Development/aragon/govern/packages/govern/internal/actions/DAOAction.ts","statementMap":{"0":{"start":{"line":1,"column":0},"end":{"line":1,"column":49}},"1":{"start":{"line":3,"column":0},"end":{"line":3,"column":null}},"2":{"start":{"line":3,"column":39},"end":{"line":3,"column":53}},"3":{"start":{"line":5,"column":0},"end":{"line":5,"column":null}}},"fnMap":{"0":{"name":"(anonymous_6)","decl":{"start":{"line":3,"column":0},"end":{"line":3,"column":39}},"loc":{"start":{"line":3,"column":0},"end":{"line":5,"column":null}}}},"branchMap":{},"s":{"0":1,"1":1,"2":1,"3":1},"f":{"0":1},"b":{}}
,"/Users/work/Development/aragon/govern/packages/govern/internal/actions/DAOSAction.ts": {"path":"/Users/work/Development/aragon/govern/packages/govern/internal/actions/DAOSAction.ts","statementMap":{"0":{"start":{"line":1,"column":0},"end":{"line":1,"column":49}},"1":{"start":{"line":3,"column":0},"end":{"line":3,"column":null}},"2":{"start":{"line":3,"column":40},"end":{"line":3,"column":54}},"3":{"start":{"line":5,"column":0},"end":{"line":5,"column":null}}},"fnMap":{"0":{"name":"(anonymous_6)","decl":{"start":{"line":3,"column":0},"end":{"line":3,"column":40}},"loc":{"start":{"line":3,"column":0},"end":{"line":5,"column":null}}}},"branchMap":{},"s":{"0":1,"1":1,"2":1,"3":1},"f":{"0":1},"b":{}}
,"/Users/work/Development/aragon/govern/packages/govern/internal/actions/GameAction.ts": {"path":"/Users/work/Development/aragon/govern/packages/govern/internal/actions/GameAction.ts","statementMap":{"0":{"start":{"line":1,"column":0},"end":{"line":1,"column":49}},"1":{"start":{"line":3,"column":0},"end":{"line":3,"column":null}},"2":{"start":{"line":3,"column":40},"end":{"line":3,"column":54}},"3":{"start":{"line":5,"column":0},"end":{"line":5,"column":null}}},"fnMap":{"0":{"name":"(anonymous_6)","decl":{"start":{"line":3,"column":0},"end":{"line":3,"column":40}},"loc":{"start":{"line":3,"column":0},"end":{"line":5,"column":null}}}},"branchMap":{},"s":{"0":1,"1":1,"2":1,"3":1},"f":{"0":1},"b":{}}
,"/Users/work/Development/aragon/govern/packages/govern/internal/actions/GamesAction.ts": {"path":"/Users/work/Development/aragon/govern/packages/govern/internal/actions/GamesAction.ts","statementMap":{"0":{"start":{"line":1,"column":0},"end":{"line":1,"column":49}},"1":{"start":{"line":3,"column":0},"end":{"line":3,"column":null}},"2":{"start":{"line":3,"column":41},"end":{"line":3,"column":55}},"3":{"start":{"line":5,"column":0},"end":{"line":5,"column":null}}},"fnMap":{"0":{"name":"(anonymous_6)","decl":{"start":{"line":3,"column":0},"end":{"line":3,"column":41}},"loc":{"start":{"line":3,"column":0},"end":{"line":5,"column":null}}}},"branchMap":{},"s":{"0":1,"1":1,"2":1,"3":1},"f":{"0":1},"b":{}}
,"/Users/work/Development/aragon/govern/packages/govern/internal/actions/QueueAction.ts": {"path":"/Users/work/Development/aragon/govern/packages/govern/internal/actions/QueueAction.ts","statementMap":{"0":{"start":{"line":1,"column":0},"end":{"line":1,"column":49}},"1":{"start":{"line":3,"column":0},"end":{"line":3,"column":null}},"2":{"start":{"line":3,"column":41},"end":{"line":3,"column":55}},"3":{"start":{"line":5,"column":0},"end":{"line":5,"column":null}}},"fnMap":{"0":{"name":"(anonymous_6)","decl":{"start":{"line":3,"column":0},"end":{"line":3,"column":41}},"loc":{"start":{"line":3,"column":0},"end":{"line":5,"column":null}}}},"branchMap":{},"s":{"0":1,"1":1,"2":1,"3":1},"f":{"0":1},"b":{}}
,"/Users/work/Development/aragon/govern/packages/govern/internal/actions/QueuesAction.ts": {"path":"/Users/work/Development/aragon/govern/packages/govern/internal/actions/QueuesAction.ts","statementMap":{"0":{"start":{"line":1,"column":0},"end":{"line":1,"column":49}},"1":{"start":{"line":3,"column":0},"end":{"line":3,"column":null}},"2":{"start":{"line":3,"column":42},"end":{"line":3,"column":56}},"3":{"start":{"line":5,"column":0},"end":{"line":5,"column":null}}},"fnMap":{"0":{"name":"(anonymous_6)","decl":{"start":{"line":3,"column":0},"end":{"line":3,"column":42}},"loc":{"start":{"line":3,"column":0},"end":{"line":5,"column":null}}}},"branchMap":{},"s":{"0":1,"1":1,"2":1,"3":1},"f":{"0":1},"b":{}}
,"/Users/work/Development/aragon/govern/packages/govern/internal/actions/QueuesForDAOAction.ts": {"path":"/Users/work/Development/aragon/govern/packages/govern/internal/actions/QueuesForDAOAction.ts","statementMap":{"0":{"start":{"line":1,"column":0},"end":{"line":1,"column":49}},"1":{"start":{"line":3,"column":0},"end":{"line":3,"column":null}},"2":{"start":{"line":3,"column":48},"end":{"line":3,"column":62}},"3":{"start":{"line":5,"column":0},"end":{"line":5,"column":null}}},"fnMap":{"0":{"name":"(anonymous_6)","decl":{"start":{"line":3,"column":0},"end":{"line":3,"column":48}},"loc":{"start":{"line":3,"column":0},"end":{"line":5,"column":null}}}},"branchMap":{},"s":{"0":1,"1":1,"2":1,"3":1},"f":{"0":1},"b":{}}
,"/Users/work/Development/aragon/govern/packages/govern/internal/actions/lib/AbstractAction.ts": {"path":"/Users/work/Development/aragon/govern/packages/govern/internal/actions/lib/AbstractAction.ts","statementMap":{"0":{"start":{"line":8,"column":0},"end":{"line":8,"column":null}},"1":{"start":{"line":24,"column":24},"end":{"line":24,"column":52}},"2":{"start":{"line":24,"column":64},"end":{"line":24,"column":80}},"3":{"start":{"line":37,"column":9},"end":{"line":39,"column":null}},"4":{"start":{"line":38,"column":4},"end":{"line":38,"column":77}},"5":{"start":{"line":40,"column":0},"end":{"line":40,"column":null}}},"fnMap":{"0":{"name":"(anonymous_0)","decl":{"start":{"line":8,"column":0},"end":{"line":8,"column":null}},"loc":{"start":{"line":8,"column":0},"end":{"line":40,"column":null}}},"1":{"name":"AbstractAction","decl":{"start":{"line":24,"column":2},"end":{"line":24,"column":24}},"loc":{"start":{"line":24,"column":80},"end":{"line":24,"column":85}}},"2":{"name":"(anonymous_2)","decl":{"start":{"line":37,"column":2},"end":{"line":37,"column":9}},"loc":{"start":{"line":37,"column":2},"end":{"line":39,"column":3}}}},"branchMap":{},"s":{"0":8,"1":1,"2":1,"3":8,"4":1,"5":8},"f":{"0":8,"1":1,"2":1},"b":{}}
,"/Users/work/Development/aragon/govern/packages/govern/internal/clients/GraphQLClient.ts": {"path":"/Users/work/Development/aragon/govern/packages/govern/internal/clients/GraphQLClient.ts","statementMap":{"0":{"start":{"line":1,"column":0},"end":{"line":1,"column":38}},"1":{"start":{"line":2,"column":0},"end":{"line":2,"column":35}},"2":{"start":{"line":11,"column":0},"end":{"line":11,"column":null}},"3":{"start":{"line":26,"column":22},"end":{"line":26,"column":39}},"4":{"start":{"line":27,"column":4},"end":{"line":27,"column":19}},"5":{"start":{"line":37,"column":10},"end":{"line":43,"column":null}},"6":{"start":{"line":38,"column":4},"end":{"line":42,"column":7}},"7":{"start":{"line":57,"column":15},"end":{"line":67,"column":null}},"8":{"start":{"line":57,"column":44},"end":{"line":57,"column":null}},"9":{"start":{"line":58,"column":19},"end":{"line":58,"column":null}},"10":{"start":{"line":58,"column":10},"end":{"line":58,"column":null}},"11":{"start":{"line":60,"column":4},"end":{"line":64,"column":null}},"12":{"start":{"line":61,"column":6},"end":{"line":63,"column":8}},"13":{"start":{"line":66,"column":4},"end":{"line":66,"column":18}},"14":{"start":{"line":80,"column":10},"end":{"line":87,"column":null}},"15":{"start":{"line":81,"column":4},"end":{"line":86,"column":null}},"16":{"start":{"line":100,"column":10},"end":{"line":102,"column":null}},"17":{"start":{"line":101,"column":4},"end":{"line":101,"column":49}},"18":{"start":{"line":103,"column":0},"end":{"line":103,"column":null}}},"fnMap":{"0":{"name":"(anonymous_13)","decl":{"start":{"line":11,"column":0},"end":{"line":11,"column":null}},"loc":{"start":{"line":11,"column":0},"end":{"line":103,"column":null}}},"1":{"name":"GraphQLClient","decl":{"start":{"line":26,"column":2},"end":{"line":26,"column":22}},"loc":{"start":{"line":26,"column":39},"end":{"line":28,"column":3}}},"2":{"name":"(anonymous_15)","decl":{"start":{"line":37,"column":2},"end":{"line":37,"column":10}},"loc":{"start":{"line":37,"column":2},"end":{"line":43,"column":3}}},"3":{"name":"(anonymous_16)","decl":{"start":{"line":57,"column":2},"end":{"line":57,"column":15}},"loc":{"start":{"line":57,"column":58},"end":{"line":67,"column":null}}},"4":{"name":"(anonymous_19)","decl":{"start":{"line":80,"column":2},"end":{"line":80,"column":10}},"loc":{"start":{"line":80,"column":33},"end":{"line":87,"column":3}}},"5":{"name":"(anonymous_20)","decl":{"start":{"line":100,"column":2},"end":{"line":100,"column":10}},"loc":{"start":{"line":100,"column":29},"end":{"line":102,"column":3}}}},"branchMap":{"0":{"loc":{"start":{"line":57,"column":44},"end":{"line":57,"column":null}},"type":"if","locations":[{"start":{"line":57,"column":44},"end":{"line":57,"column":null}},{"start":{"line":57,"column":44},"end":{"line":57,"column":null}}]},"1":{"loc":{"start":{"line":58,"column":19},"end":{"line":58,"column":null}},"type":"switch","locations":[{"start":{"line":58,"column":19},"end":{"line":58,"column":null}}]},"2":{"loc":{"start":{"line":60,"column":4},"end":{"line":64,"column":null}},"type":"if","locations":[{"start":{"line":60,"column":4},"end":{"line":64,"column":null}},{"start":{"line":60,"column":4},"end":{"line":64,"column":null}}]},"3":{"loc":{"start":{"line":84,"column":42},"end":{"line":84,"column":44}},"type":"cond-expr","locations":[{"start":{"line":84,"column":42},"end":{"line":84,"column":44}},{"start":{"line":84,"column":42},"end":{"line":84,"column":55}}]},"4":{"loc":{"start":{"line":84,"column":6},"end":{"line":84,"column":44}},"type":"binary-expr","locations":[{"start":{"line":84,"column":6},"end":{"line":84,"column":44}},{"start":{"line":84,"column":42},"end":{"line":84,"column":44}}]}},"s":{"0":11,"1":11,"2":11,"3":3,"4":3,"5":11,"6":3,"7":11,"8":2,"9":2,"10":2,"11":2,"12":1,"13":1,"14":11,"15":1,"16":11,"17":1,"18":11},"f":{"0":11,"1":3,"2":3,"3":2,"4":1,"5":1},"b":{"0":[0,2],"1":[2],"2":[1,1],"3":[0,1],"4":[1,1]}}
,"/Users/work/Development/aragon/govern/packages/govern/internal/configuration/Configuration.ts": {"path":"/Users/work/Development/aragon/govern/packages/govern/internal/configuration/Configuration.ts","statementMap":{"0":{"start":{"line":2,"column":0},"end":{"line":2,"column":52}},"1":{"start":{"line":7,"column":0},"end":{"line":7,"column":null}},"2":{"start":{"line":26,"column":4},"end":{"line":26,"column":null}},"3":{"start":{"line":40,"column":10},"end":{"line":49,"column":null}},"4":{"start":{"line":41,"column":4},"end":{"line":43,"column":null}},"5":{"start":{"line":42,"column":6},"end":{"line":42,"column":null}},"6":{"start":{"line":45,"column":4},"end":{"line":48,"column":6}},"7":{"start":{"line":58,"column":2},"end":{"line":60,"column":null}},"8":{"start":{"line":59,"column":4},"end":{"line":59,"column":null}},"9":{"start":{"line":69,"column":2},"end":{"line":71,"column":null}},"10":{"start":{"line":70,"column":4},"end":{"line":70,"column":30}},"11":{"start":{"line":72,"column":0},"end":{"line":72,"column":null}}},"fnMap":{"0":{"name":"(anonymous_0)","decl":{"start":{"line":7,"column":0},"end":{"line":7,"column":null}},"loc":{"start":{"line":7,"column":0},"end":{"line":72,"column":null}}},"1":{"name":"Configuration","decl":{"start":{"line":25,"column":2},"end":{"line":25,"column":14}},"loc":{"start":{"line":25,"column":25},"end":{"line":27,"column":3}}},"2":{"name":"(anonymous_2)","decl":{"start":{"line":40,"column":2},"end":{"line":40,"column":10}},"loc":{"start":{"line":40,"column":31},"end":{"line":49,"column":3}}},"3":{"name":"(anonymous_3)","decl":{"start":{"line":58,"column":2},"end":{"line":58,"column":6}},"loc":{"start":{"line":58,"column":2},"end":{"line":60,"column":3}}},"4":{"name":"(anonymous_4)","decl":{"start":{"line":69,"column":2},"end":{"line":69,"column":6}},"loc":{"start":{"line":69,"column":2},"end":{"line":71,"column":3}}}},"branchMap":{"0":{"loc":{"start":{"line":41,"column":4},"end":{"line":43,"column":null}},"type":"if","locations":[{"start":{"line":41,"column":4},"end":{"line":43,"column":null}},{"start":{"line":41,"column":4},"end":{"line":43,"column":null}}]}},"s":{"0":10,"1":10,"2":4,"3":10,"4":4,"5":1,"6":3,"7":10,"8":2,"9":10,"10":2,"11":10},"f":{"0":10,"1":4,"2":4,"3":2,"4":2},"b":{"0":[1,3]}}
,"/Users/work/Development/aragon/govern/packages/govern/public/configuration.ts": {"path":"/Users/work/Development/aragon/govern/packages/govern/public/configuration.ts","statementMap":{"0":{"start":{"line":1,"column":0},"end":{"line":1,"column":67}},"1":{"start":{"line":15,"column":2},"end":{"line":15,"column":51}},"2":{"start":{"line":14,"column":0},"end":{"line":14,"column":24}},"3":{"start":{"line":20,"column":0},"end":{"line":20,"column":28}}},"fnMap":{"0":{"name":"configuration","decl":{"start":{"line":14,"column":24},"end":{"line":14,"column":37}},"loc":{"start":{"line":14,"column":65},"end":{"line":16,"column":1}}}},"branchMap":{},"s":{"0":8,"1":1,"2":8,"3":8},"f":{"0":1},"b":{}}
,"/Users/work/Development/aragon/govern/packages/govern/public/dao.ts": {"path":"/Users/work/Development/aragon/govern/packages/govern/public/dao.ts","statementMap":{"0":{"start":{"line":1,"column":0},"end":{"line":1,"column":43}},"1":{"start":{"line":2,"column":0},"end":{"line":2,"column":53}},"2":{"start":{"line":12,"column":2},"end":{"line":12,"column":75}},"3":{"start":{"line":11,"column":0},"end":{"line":11,"column":24}}},"fnMap":{"0":{"name":"dao","decl":{"start":{"line":11,"column":24},"end":{"line":11,"column":27}},"loc":{"start":{"line":11,"column":43},"end":{"line":13,"column":1}}}},"branchMap":{},"s":{"0":1,"1":1,"2":1,"3":1},"f":{"0":1},"b":{}}
,"/Users/work/Development/aragon/govern/packages/govern/public/daos.ts": {"path":"/Users/work/Development/aragon/govern/packages/govern/public/daos.ts","statementMap":{"0":{"start":{"line":1,"column":0},"end":{"line":1,"column":43}},"1":{"start":{"line":2,"column":0},"end":{"line":2,"column":55}},"2":{"start":{"line":10,"column":2},"end":{"line":10,"column":null}},"3":{"start":{"line":9,"column":0},"end":{"line":9,"column":24}}},"fnMap":{"0":{"name":"daos","decl":{"start":{"line":9,"column":24},"end":{"line":9,"column":28}},"loc":{"start":{"line":9,"column":28},"end":{"line":11,"column":1}}}},"branchMap":{},"s":{"0":1,"1":1,"2":1,"3":1},"f":{"0":1},"b":{}}
,"/Users/work/Development/aragon/govern/packages/govern/public/game.ts": {"path":"/Users/work/Development/aragon/govern/packages/govern/public/game.ts","statementMap":{"0":{"start":{"line":1,"column":0},"end":{"line":1,"column":43}},"1":{"start":{"line":2,"column":0},"end":{"line":2,"column":55}},"2":{"start":{"line":12,"column":2},"end":{"line":12,"column":null}},"3":{"start":{"line":11,"column":0},"end":{"line":11,"column":24}}},"fnMap":{"0":{"name":"game","decl":{"start":{"line":11,"column":24},"end":{"line":11,"column":28}},"loc":{"start":{"line":11,"column":41},"end":{"line":13,"column":1}}}},"branchMap":{},"s":{"0":1,"1":1,"2":1,"3":1},"f":{"0":1},"b":{}}
,"/Users/work/Development/aragon/govern/packages/govern/public/games.ts": {"path":"/Users/work/Development/aragon/govern/packages/govern/public/games.ts","statementMap":{"0":{"start":{"line":1,"column":0},"end":{"line":1,"column":43}},"1":{"start":{"line":2,"column":0},"end":{"line":2,"column":57}},"2":{"start":{"line":10,"column":2},"end":{"line":10,"column":null}},"3":{"start":{"line":9,"column":0},"end":{"line":9,"column":24}}},"fnMap":{"0":{"name":"games","decl":{"start":{"line":9,"column":24},"end":{"line":9,"column":29}},"loc":{"start":{"line":9,"column":29},"end":{"line":11,"column":1}}}},"branchMap":{},"s":{"0":1,"1":1,"2":1,"3":1},"f":{"0":1},"b":{}}
,"/Users/work/Development/aragon/govern/packages/govern/public/queue.ts": {"path":"/Users/work/Development/aragon/govern/packages/govern/public/queue.ts","statementMap":{"0":{"start":{"line":1,"column":0},"end":{"line":1,"column":43}},"1":{"start":{"line":2,"column":0},"end":{"line":2,"column":57}},"2":{"start":{"line":12,"column":2},"end":{"line":12,"column":77}},"3":{"start":{"line":11,"column":0},"end":{"line":11,"column":24}}},"fnMap":{"0":{"name":"queue","decl":{"start":{"line":11,"column":24},"end":{"line":11,"column":29}},"loc":{"start":{"line":11,"column":45},"end":{"line":13,"column":1}}}},"branchMap":{},"s":{"0":1,"1":1,"2":1,"3":1},"f":{"0":1},"b":{}}
,"/Users/work/Development/aragon/govern/packages/govern/public/queues.ts": {"path":"/Users/work/Development/aragon/govern/packages/govern/public/queues.ts","statementMap":{"0":{"start":{"line":1,"column":0},"end":{"line":1,"column":43}},"1":{"start":{"line":2,"column":0},"end":{"line":2,"column":59}},"2":{"start":{"line":10,"column":2},"end":{"line":10,"column":58}},"3":{"start":{"line":9,"column":0},"end":{"line":9,"column":24}}},"fnMap":{"0":{"name":"queues","decl":{"start":{"line":9,"column":24},"end":{"line":9,"column":30}},"loc":{"start":{"line":9,"column":30},"end":{"line":11,"column":1}}}},"branchMap":{},"s":{"0":1,"1":1,"2":1,"3":1},"f":{"0":1},"b":{}}
,"/Users/work/Development/aragon/govern/packages/govern/public/queuesForDao.ts": {"path":"/Users/work/Development/aragon/govern/packages/govern/public/queuesForDao.ts","statementMap":{"0":{"start":{"line":1,"column":0},"end":{"line":1,"column":43}},"1":{"start":{"line":2,"column":0},"end":{"line":2,"column":71}},"2":{"start":{"line":12,"column":2},"end":{"line":12,"column":84}},"3":{"start":{"line":11,"column":0},"end":{"line":11,"column":24}}},"fnMap":{"0":{"name":"queuesForDao","decl":{"start":{"line":11,"column":24},"end":{"line":11,"column":36}},"loc":{"start":{"line":11,"column":52},"end":{"line":13,"column":1}}}},"branchMap":{},"s":{"0":1,"1":1,"2":1,"3":1},"f":{"0":1},"b":{}}
}
