TN:
SF:internal/actions/DAOAction.ts
FN:3,(anonymous_6)
FNF:1
FNH:1
FNDA:1,(anonymous_6)
DA:1,1
DA:3,1
DA:5,1
LF:3
LH:3
BRF:0
BRH:0
end_of_record
TN:
SF:internal/actions/DAOSAction.ts
FN:3,(anonymous_6)
FNF:1
FNH:1
FNDA:1,(anonymous_6)
DA:1,1
DA:3,1
DA:5,1
LF:3
LH:3
BRF:0
BRH:0
end_of_record
TN:
SF:internal/actions/GameAction.ts
FN:3,(anonymous_6)
FNF:1
FNH:1
FNDA:1,(anonymous_6)
DA:1,1
DA:3,1
DA:5,1
LF:3
LH:3
BRF:0
BRH:0
end_of_record
TN:
SF:internal/actions/GamesAction.ts
FN:3,(anonymous_6)
FNF:1
FNH:1
FNDA:1,(anonymous_6)
DA:1,1
DA:3,1
DA:5,1
LF:3
LH:3
BRF:0
BRH:0
end_of_record
TN:
SF:internal/actions/QueueAction.ts
FN:3,(anonymous_6)
FNF:1
FNH:1
FNDA:1,(anonymous_6)
DA:1,1
DA:3,1
DA:5,1
LF:3
LH:3
BRF:0
BRH:0
end_of_record
TN:
SF:internal/actions/QueuesAction.ts
FN:3,(anonymous_6)
FNF:1
FNH:1
FNDA:1,(anonymous_6)
DA:1,1
DA:3,1
DA:5,1
LF:3
LH:3
BRF:0
BRH:0
end_of_record
TN:
SF:internal/actions/QueuesForDAOAction.ts
FN:3,(anonymous_6)
FNF:1
FNH:1
FNDA:1,(anonymous_6)
DA:1,1
DA:3,1
DA:5,1
LF:3
LH:3
BRF:0
BRH:0
end_of_record
TN:
SF:internal/actions/lib/AbstractAction.ts
FN:8,(anonymous_0)
FN:24,AbstractAction
FN:37,(anonymous_2)
FNF:3
FNH:3
FNDA:8,(anonymous_0)
FNDA:1,AbstractAction
FNDA:1,(anonymous_2)
DA:8,8
DA:24,1
DA:37,8
DA:38,1
DA:40,8
LF:5
LH:5
BRF:0
BRH:0
end_of_record
TN:
SF:internal/clients/GraphQLClient.ts
FN:11,(anonymous_13)
FN:26,GraphQLClient
FN:37,(anonymous_15)
FN:57,(anonymous_16)
FN:80,(anonymous_19)
FN:100,(anonymous_20)
FNF:6
FNH:6
FNDA:11,(anonymous_13)
FNDA:3,GraphQLClient
FNDA:3,(anonymous_15)
FNDA:2,(anonymous_16)
FNDA:1,(anonymous_19)
FNDA:1,(anonymous_20)
DA:1,11
DA:2,11
DA:11,11
DA:26,3
DA:27,3
DA:37,11
DA:38,3
DA:57,11
DA:58,2
DA:60,2
DA:61,1
DA:66,1
DA:80,11
DA:81,1
DA:100,11
DA:101,1
DA:103,11
LF:17
LH:17
BRDA:57,0,0,0
BRDA:57,0,1,2
BRDA:58,1,0,2
BRDA:60,2,0,1
BRDA:60,2,1,1
BRDA:84,3,0,0
BRDA:84,3,1,1
BRDA:84,4,0,1
BRDA:84,4,1,1
BRF:9
BRH:7
end_of_record
TN:
SF:internal/configuration/Configuration.ts
FN:7,(anonymous_0)
FN:25,Configuration
FN:40,(anonymous_2)
FN:58,(anonymous_3)
FN:69,(anonymous_4)
FNF:5
FNH:5
FNDA:10,(anonymous_0)
FNDA:4,Configuration
FNDA:4,(anonymous_2)
FNDA:2,(anonymous_3)
FNDA:2,(anonymous_4)
DA:2,10
DA:7,10
DA:26,4
DA:40,10
DA:41,4
DA:42,1
DA:45,3
DA:58,10
DA:59,2
DA:69,10
DA:70,2
DA:72,10
LF:12
LH:12
BRDA:41,0,0,1
BRDA:41,0,1,3
BRF:2
BRH:2
end_of_record
TN:
SF:public/configuration.ts
FN:14,configuration
FNF:1
FNH:1
FNDA:1,configuration
DA:1,8
DA:14,8
DA:15,1
DA:20,8
LF:4
LH:4
BRF:0
BRH:0
end_of_record
TN:
SF:public/dao.ts
FN:11,dao
FNF:1
FNH:1
FNDA:1,dao
DA:1,1
DA:2,1
DA:11,1
DA:12,1
LF:4
LH:4
BRF:0
BRH:0
end_of_record
TN:
SF:public/daos.ts
FN:9,daos
FNF:1
FNH:1
FNDA:1,daos
DA:1,1
DA:2,1
DA:9,1
DA:10,1
LF:4
LH:4
BRF:0
BRH:0
end_of_record
TN:
SF:public/game.ts
FN:11,game
FNF:1
FNH:1
FNDA:1,game
DA:1,1
DA:2,1
DA:11,1
DA:12,1
LF:4
LH:4
BRF:0
BRH:0
end_of_record
TN:
SF:public/games.ts
FN:9,games
FNF:1
FNH:1
FNDA:1,games
DA:1,1
DA:2,1
DA:9,1
DA:10,1
LF:4
LH:4
BRF:0
BRH:0
end_of_record
TN:
SF:public/queue.ts
FN:11,queue
FNF:1
FNH:1
FNDA:1,queue
DA:1,1
DA:2,1
DA:11,1
DA:12,1
LF:4
LH:4
BRF:0
BRH:0
end_of_record
TN:
SF:public/queues.ts
FN:9,queues
FNF:1
FNH:1
FNDA:1,queues
DA:1,1
DA:2,1
DA:9,1
DA:10,1
LF:4
LH:4
BRF:0
BRH:0
end_of_record
TN:
SF:public/queuesForDao.ts
FN:11,queuesForDao
FNF:1
FNH:1
FNDA:1,queuesForDao
DA:1,1
DA:2,1
DA:11,1
DA:12,1
LF:4
LH:4
BRF:0
BRH:0
end_of_record
